<?xml version="1.0" encoding="UTF-8"?>
<!-- Generated by org.testng.reporters.JUnitReportReporter -->
<testsuite hostname="DESKTOP-AMKNNRC" failures="0" tests="1" name="demoqa.tests.CheckBoxTest" time="52.040" errors="0" timestamp="2024-04-10T10:27:55 IST" skipped="0">
  <testcase classname="demoqa.tests.CheckBoxTest" name="testCheckBox" time="52.040"/>
</testsuite> <!-- demoqa.tests.CheckBoxTest -->
