<?xml version="1.0" encoding="UTF-8"?>
<!-- Generated by org.testng.reporters.JUnitReportReporter -->
<testsuite hostname="DESKTOP-AMKNNRC" failures="0" tests="3" name="demoqa.tests.LinksTest" time="38.732" errors="0" timestamp="2024-04-16T14:11:50 IST" skipped="0">
  <testcase classname="demoqa.tests.LinksTest" name="testLinks" time="10.047"/>
  <system-out/>
  <testcase classname="demoqa.tests.LinksTest" name="testAPILinks" time="17.019"/>
  <system-out/>
  <testcase classname="demoqa.tests.LinksTest" name="testHomeLinks" time="11.666"/>
  <system-out/>
</testsuite> <!-- demoqa.tests.LinksTest -->
