<?xml version="1.0" encoding="UTF-8"?>
<!-- Generated by org.testng.reporters.JUnitReportReporter -->
<testsuite hostname="DESKTOP-AMKNNRC" failures="0" tests="1" name="demoqa.tests.WebTablesTest" time="22.133" errors="0" timestamp="2024-04-10T15:20:09 IST" skipped="0">
  <testcase classname="demoqa.tests.WebTablesTest" name="testWebTable" time="22.133"/>
  <system-out/>
</testsuite> <!-- demoqa.tests.WebTablesTest -->
