<?xml version="1.0" encoding="UTF-8"?>
<!-- Generated by org.testng.reporters.JUnitReportReporter -->
<testsuite hostname="DESKTOP-AMKNNRC" failures="0" tests="1" name="demoqa.tests.WebTablesTest" time="48.455" errors="0" timestamp="2024-04-05T21:33:32 IST" skipped="0">
  <testcase classname="demoqa.tests.WebTablesTest" name="testWebTable" time="48.455"/>
</testsuite> <!-- demoqa.tests.WebTablesTest -->
