<?xml version="1.0" encoding="UTF-8"?>
<!-- Generated by org.testng.reporters.JUnitReportReporter -->
<testsuite hostname="DESKTOP-AMKNNRC" failures="0" tests="1" name="demoqa.tests.CheckBoxTest" time="41.865" errors="0" timestamp="2024-04-07T10:26:14 IST" skipped="0">
  <testcase classname="demoqa.tests.CheckBoxTest" name="testCheckBox" time="41.865"/>
</testsuite> <!-- demoqa.tests.CheckBoxTest -->
