<?xml version="1.0" encoding="UTF-8"?>
<!-- Generated by org.testng.reporters.JUnitReportReporter -->
<testsuite hostname="DESKTOP-AMKNNRC" failures="0" tests="2" name="demoqa.tests.LinksTest" time="90.451" errors="0" timestamp="2024-04-08T14:29:22 IST" skipped="0">
  <testcase classname="demoqa.tests.LinksTest" name="testLinks" time="25.597"/>
  <testcase classname="demoqa.tests.LinksTest" name="testAPILinks" time="64.854"/>
</testsuite> <!-- demoqa.tests.LinksTest -->
