<?xml version="1.0" encoding="UTF-8"?>
<!-- Generated by org.testng.reporters.JUnitReportReporter -->
<testsuite hostname="DESKTOP-AMKNNRC" failures="0" tests="3" name="demoqa.tests.LinksTest" time="43.395" errors="0" timestamp="2024-04-16T11:16:28 IST" skipped="0">
  <testcase classname="demoqa.tests.LinksTest" name="testLinks" time="11.209"/>
  <system-out/>
  <testcase classname="demoqa.tests.LinksTest" name="testAPILinks" time="20.207"/>
  <system-out/>
  <testcase classname="demoqa.tests.LinksTest" name="testHomeLinks" time="11.979"/>
  <system-out/>
</testsuite> <!-- demoqa.tests.LinksTest -->
