<?xml version="1.0" encoding="UTF-8"?>
<!-- Generated by org.testng.reporters.JUnitReportReporter -->
<testsuite hostname="DESKTOP-AMKNNRC" failures="0" tests="1" name="demoqa.tests.CheckBoxTest" time="43.494" errors="0" timestamp="2024-04-05T15:42:37 IST" skipped="0">
  <testcase classname="demoqa.tests.CheckBoxTest" name="testCheckBox" time="43.494"/>
</testsuite> <!-- demoqa.tests.CheckBoxTest -->
